[    0.000000] Initializing cgroup subsys cpuset
[   0.000000] Initializing cgroup subsys cpu
[    0.000000] Initializing cgroup subsys cpuacct
[    0.000000] Linux version 4.4.0-142-generic (buildd@lgw01-amd64-033) (gcc version 5.4.0 20160609 (Ubuntu 5.4.0-6ubuntu1~16.04.10) ) #168-Ubuntu SMP Wed Jan 16 21:00:45 UTC 2019 (Ubuntu 4.4.0-142.168-generic 4.4.167)
[    0.000000] Command line: BOOT_IMAGE=/boot/vmlinuz-4.4.0-142-generic root=LABEL=cloudimg-rootfsrro console=tty1 console=ttyS0
[    0.000000] KERNEL supported cpus:
[    0.000000]   Intel GenuineIntel
[    0.000000]   AMD AuthenticAMD
[    0.000000]   Centaur CentaurHauls
[    0.000000] x86/fpu: xstate_offset[2]:  576, xstate_sizes[2]:  256
[    0.000000] x86/fpu: Supporting XSAVE feature 0x01: 'x87 floating point registers'
[    0.000000] x86/fpu: Supporting XSAVE feature 0x02: 'SSE registers'
[    0.000000] x86/fpu: Supporting XSAVE feature 0x04: 'AVX registers'
[    0.000000] x86/fpu: Enabled xstate features 0x7, context size is 832 bytes, using 'standard' format.
[    0.000000] e820: BIOS-provided physical RAM map:
[    0.000000] BIOS-e820: [mem 0x0000000000000000-0x000000000009fbff] usable
[    0.000000] BIOS-e820: [mem 0x000000000009fc00-0x000000000009ffff] reserved
[    0.000000] BIOS-e820: [mem 0x00000000000f0000-0x00000000000fffff] reserved
[    0.000000] BIOS-e820: [mem 0x0000000000100000-0x000000003ffeffff] usable
[    0.000000] BIOS-e820: [mem 0x000000003fff0000-0x000000003fffffff] ACPI data
[    0.000000] BIOS-e820: [mem 0x00000000fec00000-0x00000000fec00fff] reserved
[    0.000000] BIOS-e820: [mem 0x00000000fee00000-0x00000000fee00fff] reserved
[    0.000000] BIOS-e820: [mem 0x00000000fffc0000-0x00000000ffffffff] reserved
[    0.000000] NX (Execute Disable) protection: active
[    0.000000] SMBIOS 2.5 present.
[    0.000000] Hypervisor detected: KVM
[    0.000000] e820: last_pfn = 0x3fff0 max_arch_pfn = 0x400000000
[    0.000000] MTRR: Disabled
[    0.000000] x86/PAT: MTRRs disabled, skipping PAT initialization too.
[    0.000000] CPU MTRRs all blank - virtualized system.
[    0.000000] x86/PAT: Configuration [0-7]: WB  WT  UC- UC  WB  WT  UC- UC  
[    0.000000] found SMP MP-table at [mem 0x0009fff0-0x0009ffff] mapped at [ffff88000009fff0]
[    0.000000] Scanning 1 areas for low memory corruption
[    0.000000] RAMDISK: [mem 0x361ee000-0x370eefff]
[    0.000000] ACPI: Early table checksum verification disabled
[    0.000000] ACPI: RSDP 0x00000000000E0000 000024 (v02 VBOX  )
[    0.000000] ACPI: XSDT 0x000000003FFF0030 00003C (v01 VBOX   VBOXXSDT 00000001 ASL  00000061)
[    0.000000] ACPI: FACP 0x000000003FFF00F0 0000F4 (v04 VBOX   VBOXFACP 00000001 ASL  00000061)
[    0.000000] ACPI: DSDT 0x000000003FFF0470 0021FF (v02 VBOX   VBOXBIOS 00000002 INTL 20100528)
[    0.000000] ACPI: FACS 0x000000003FFF0200 000040
[    0.000000] ACPI: FACS 0x000000003FFF0200 000040
[    0.000000] ACPI: APIC 0x000000003FFF0240 000054 (v02 VBOX   VBOXAPIC 00000001 ASL  00000061)
[    0.000000] ACPI: SSDT 0x000000003FFF02A0 0001CC (v01 VBOX   VBOXCPUT 00000002 INTL 20100528)
[    0.000000] No NUMA configuration found
[    0.000000] Faking a node at [mem 0x0000000000000000-0x000000003ffeffff]
[    0.000000] NODE_DATA(0) allocated [mem 0x3ffeb000-0x3ffeffff]
[    0.000000] kvm-clock: Using msrs 4b564d01 and 4b564d00
[    0.000000] kvm-clock: cpu 0, msr 0:3ffe3001, primary cpu clock
[    0.000000] kvm-clock: using sched offset of 5239382660 cycles
[    0.000000] clocksource: kvm-clock: mask: 0xffffffffffffffff max_cycles: 0x1cd42e4dffb, max_idle_ns: 881590591483 ns
[    0.000000] Zone ranges:
[    0.000000]   DMA      [mem 0x0000000000001000-0x0000000000ffffff]
[    0.000000   DMA32    [mem 0x0000000001000000-0x000000003ffeffff]
[    0.000000]   Normal   empty
[    0.000000]   Device   empty
[    0.000000] Movable zone start for each node
[    0.000000] Early memory node ranges
[    0.000000]   node   0: [mem 0x0000000000001000-0x000000000009efff]
[    0.000000]   node   0: [mem 0x0000000000100000-0x000000003ffeffff]
[    0.000000] Initmem setup node 0 [mem 0x0000000000001000-0x000000003ffeffff]
[    0.000000] ACPI: PM-Timer IO Port: 0x4008
[    0.000000] IOAPIC[0]: apic_id 1, version 32, address 0xfec00000, GSI 0-23
[    0.000000] ACPI: INT_SRC_OVR (bus 0 bus_irq 0 global_irq 2 dfl dfl)
[    0.000000] ACPI: INT_SRC_OVR (bus 0 bus_irq 9 global_irq 9 low level)
[    0.000000] Using ACPI (MADT) for SMP configuration information
[    0.000000] smpboot: Allowing 1 CPUs, 0 hotplug CPUs
[    0.000000] PM: Registered nosave memory: [mem 0x00000000-0x00000fff]
[    0.000000] PM: Registered nosave memory: [mem 0x0009f000-0x0009ffff]
[    0.000000] PM: Registered nosave memory: [mem 0x000a0000-0x000effff]
[    0.000000] PM: Registered nosave memory: [mem 0x000f0000-0x000fffff]
[    0.000000] e820: [mem 0x40000000-0xfebfffff] available for PCI devices
[    0.000000] Booting paravirtualized kernel on KVM
[    0.000000] clocksource: refined-jiffies: mask: 0xffffffff max_cycles: 0xffffffff, max_idle_ns: 7645519600211568 ns
[    0.000000] setup_percpu: NR_CPUS:512 nr_cpumask_bits:512 nr_cpu_ids:1 nr_node_ids:1
[    0.000000] PERCPU: Embedded 34 pages/cpu @ffff88003fc00000 s99480 r8192 d31592 u2097152
[    0.000000] Built 1 zonelists in Node order, mobility grouping on.  Total pages: 257912
[    0.000000] Policy zone: DMA32
[    0.000000] Kernel command line: BOOT_IMAGE=/boot/vmlinuz-4.4.0-142-generic root=LABEL=cloudimg-rootfs ro console=tty1 console=ttyS0
[    0.000000] PID hash table entries: 4096 (order: 3, 32768 bytes)
[    0.000000] Memory: 997304K/1048120K available (8603K kernel code, 1332K rwdata, 4004K rodata, 1484K init, 1316K bss, 50816K reserved, 0K cma-reserved)
[    0.000000] SLUB: HWalign=64, Order=0-3, MinObjects=0, CPUs=1, Nodes=1
[    0.000000] Kernel/User page tables isolation: enabled
[    0.000000] Hierarchical RCU implementation.
[    0.000000] 	Build-time adjustment of leaf fanout to 64.
[    0.000000] 	RCU restricting CPUs from NR_CPUS=512 to nr_cpu_ids=1.
[    0.000000] RCU: Adjusting geometry for rcu_fanout_leaf=64, nr_cpu_ids=1
[    0.000000] NR_IRQS:33024 nr_irqs:256 16
[    0.000000] Console: colour VGA+ 80x25
[    0.000000] console [tty1] enabled
[    0.000000] console [ttyS0] enabled
[    0.000000] tsc: Detected 2303.998 MHz processor
[    1.161143] Calibrating delay loop (skipped) preset value.. 4607.99 BogoMIPS (lpj=9215992)
[    1.186254] pid_max: default: 32768 minimum: 301
[    1.200160] ACPI: Core revision 20150930
[    1.232764] ACPI: 2 ACPI AML tables successfully acquired and loaded
[    1.270644] Security Framework initialized
[    1.278098] Yama: becoming mindful.
[    1.279792] AppArmor: AppArmor initialized
[    1.288175] Dentry cache hash table entries: 131072 (order: 8, 1048576 bytes)
[    1.316718] Inode-cache hash table entries: 65536 (order: 7, 524288 bytes)
[    1.335239] Mount-cache hash table entries: 2048 (order: 2, 16384 bytes)
[    1.367042] Mountpoint-cache hash table entries: 2048 (order: 2, 16384 bytes)
[    1.373092] Initializing cgroup subsys io
[    1.384877] Initializing cgrou subsys memory
[    1.434310] Initializing cgroup subsys devices
[    1.453480] Initializing cgroup subsys freezer
[    1.469212] Initializing cgroup subsys net_cls
[    1.483703] Initializing cgroup subsys perf_event
[    1.493932] Initializing cgroup subsys net_prio
[    1.495192] Initializing cgroup subsys hugetlb
[    1.496491] Initializing cgroup subsys pids
[    1.498818] mce: CPU supports 0 MCE banks
[    1.517565] process: using mwait in idle threads
[    1.549556] Last level iTLB entries: 4KB 64, 2MB 8, 4MB 8
[    1.572202] Last level dTLB entries: 4KB 64, 2MB 0, 4MB 0, 1GB 4
[    1.590100] Spectre V2 : Mitigation: Full generic retpoline
[    1.613664] Spectre V2 : Spectre v2 / SpectreRSB mitigation: Filling RSB on context switch
[    1.633128] Speculative Store Bypass: Vulnerable
[    1.673253] Freeing SMP alternatives memory: 32K
[    1.682369] ftrace: allocating 32277 entries in 127 pages
[    1.752056] smpboot: APIC(0) Converting physical 0 to logical package 0
[    1.856515] smpboot: Max logical packages: 1
[    1.886318] x2apic enabled
[    1.887327] Switched APIC routing to physical x2apic.
[    1.889618] ..TIMER: vector=0x30 apic1=0 pin1=2 apic2=-1 pin2=-1
[    1.995689] smpboot: CPU0: Intel(R) Core(TM) i5-7360U CPU @ 2.30GHz (family: 0x6, model: 0x8e, stepping: 0x9)
[    2.052511] Performance Events: unsupported p6 CPU model 142 no PMU driver, software events only.
[    2.116408] KVM setup paravirtual spinlock
[    2.134803] x86: Booted up 1 node, 1 CPUs
[    2.144700] smpboot: Total of 1 processors activated (4607.99 BogoMIPS)
[    2.196598] devtmpfs: initialized
[    2.216734] evm: security.selinux
[    2.217848] evm: security.SMACK64
[    2.233665] evm: security.SMACK64EXEC
[    2.256062] evm: security.SMACK64TRANSMUTE
[    2.279205] evm: security.SMACK64MMAP
[    2.296330] evm: security.ima
[    2.298353] evm: security.capability
[    2.324342] clocksource: jiffies: mask: 0xffffffff max_cycles: 0xffffffff, max_idle_ns: 7645041785100000 ns
[    2.432745] futex hash table entries: 256 (order: 2, 16384 bytes)
[    2.466251] pinctrl core: initialized pinctrl subsystem
[    2.481104] RTC time: 10:43:45, date: 03/09/19
[    2.482459] NET: Registered protocol family 16
[    2.499020] cpuidle: using governor ladder
[    2.501736] cpuidle: using governor menu
[    2.505444] PCCT header not found.
[    2.517556] ACPI: bus type PCI registered
[    2.519248] acpiphp: ACPI Hot Plug PCI Controller Driver version: 0.5
[    2.542746] PCI: Using configuration type 1 for base access
[    2.570184] ACPI: Added _OSI(Module Device)
[    2.585433] ACPI: Added _OSI(Processor Device)
[    2.629854] ACPI: Added _OSI(3.0 _SCP Extensions)
[    2.645107] ACPI: Added _OSI(Processor Aggregator Device)
[    2.661723] ACPI: Executed 1 blocks of module-level executable AML code
[    2.684312] ACPI: Interpreter enabled
[    2.685787] ACPI: (supports S0 S5)
[    2.700975] ACPI: Using IOAPIC for interrupt routing
[    2.702511] PCI: Using host bridge windows from ACPI; if necessary, use "pci=nocrs" and report a bug
[    2.714148] ACPI: PCI Root Bridge [PCI0] (domain 0000 [bus 00-ff])
[    2.715913] acpi PNP0A03:00: _OSC: OS supports [ASPM ClockPM Segments MSI]
[    2.726149] acpi PNP0A03:00: _OSC: not requesting OS control; OS requires [ExtendedConfig ASPM ClockPM MSI]
[    2.730782] acpi PNP0A03:00: fail to add MMCONFIG information, can't access extended PCI configuration space under this bridge.
[    2.747668] PCI host bridge to bus 0000:00
[    2.751817] pci_bus 0000:00: root bus resource [io  0x0000-0x0cf7 window]
[    2.767571] pci_bus 0000:00: root bus resource [io  0x0d00-0xffff window]
[    2.771407] pci_bus 0000:00: root bus resource [mem 0x000a0000-0x000bffff window]
[    2.775555] pci_bus 0000:00: root bus resource [mem 0x40000000-0xfdffffff window]
[    2.778626] pci_bus 0000:00: root bus resource [bus 00-ff]
[    2.788298] pci 0000:00:01.1: legacy IDE quirk: reg 0x10: [io  0x01f0-0x01f7]
[    2.792263] pci 0000:00:01.1: legacy IDE quirk: reg 0x14: [io  0x03f6]
[    2.801368] pci 0000:00:01.1: legacy IDE quirk: reg 0x18: [io  0x0170-0x0177]
[    2.829870] pci 0000:00:01.1: legacy IDE quirk: reg 0x1c: [io  0x0376]
[    2.883886] pci 0000:00:07.0: quirk: [io  0x4000-0x403f] claimed by PIIX4 ACPI
[    2.904520] pci 0000:00:07.0: quirk: [io  0x4100-0x410f] claimed by PIIX4 SMB
[    2.954550] ACPI: PCI Interrupt Link [LNKA] (IRQs 5 9 10 *11)
[    2.964782] ACPI: PCI Interrupt Link [LNKB] (IRQs 5 9 *10 11)
[    3.039955] ACPI: PCI Interrupt Link [LNKC] (IRQs 5 *9 10 11)
[    3.104815] ACPI: PCI Interrupt Link [LNKD] (IRQs 5 9 10 *11)
[    3.114322] ACPI: Enabled 2 GPEs in block 00 to 07
[    3.159166] vgaarb: setting as boot device: PCI:0000:00:02.0
[    3.191901] vgaarb: device added: PCI:0000:00:02.0,decodes=io+mem,owns=io+mem,locks=none
[    3.224480] vgaarb: loaded
[    3.225341] vgaarb: bridge control possible 0000:00:02.0
[    3.263068] SCSI subsystem initialized
[    3.287635] ACPI: bus type USB registered
[    3.310665] usbcore: registered new interface driver usbfs
[    3.350617] usbcore: registered new interface driver hub
[    3.387183] usbcore: registered new device driver usb
[    3.432977] PCI: Using ACPI for IRQ routing
[    3.436283] NetLabel: Initializing
[    3.448642] NetLabel:  domain hash size = 128
[    3.495638] NetLabel:  protocols = UNLABELED CIPSOv4
[    3.574405] NetLabel:  unlabeled traffic allowed by default
[    3.585069] amd_nb: Cannot enumerate AMD northbridges
[    3.673968] clocksource: Switched to clocksource kvm-clock
[    3.742995] AppArmor: AppArmor Filesystem Enabled
[    3.744413] pnp: PnP ACPI init
[    3.746365] pnp: PnP ACPI: found 3 devices
[    3.754598] clocksource: acpi_pm: mask: 0xffffff max_cycles: 0xffffff, max_idle_ns: 2085701024 ns
[    3.777046] NET: Registered protocol family 2
[    3.786848] TCP established hash table entries: 8192 (order: 4, 65536 bytes)
[    3.822977] TCP bind hash table entries: 8192 (order: 5, 131072 bytes)
[    3.825758] TCP: Hash tables configured (established 8192 bind 8192)
[    3.835351] UDP hash table entries: 512 (order: 2, 16384 bytes)
[    3.839472] UDP-Lite hash table entries: 512 (order: 2, 16384 bytes)
[    3.841349] NET: Registered protocol family 1
[    3.850418] pci 0000:00:00.0: Limiting direct PCI/PCI transfers
[    3.854411] pci 0000:00:01.0: Activating ISA DMA hang workarounds
[    3.857928] Unpacking initramfs...
[    4.095263] Freeing initrd memory: 15364K
[    4.117330] platform rtc_cmos: registered platform RTC device (no PNP device found)
[    4.119592] Scanning for low memory corruption every 60 seconds
[    4.191236] audit: initializing netlink subsys (disabled)
[    4.258864] audit: type=2000 audit(1552128231.577:1): initialized
[    4.316232] Initialise system trusted keyring
[    4.349383] HugeTLB registered 2 MB page size, pre-allocated 0 pages
[    4.352000] zbud: loaded
[    4.353047] VFS: Disk quotas dquot_6.6.0
[    4.354423] VFS: Dquot-cache hash table entries: 512 (order 0, 4096 bytes)
[    4.379516] squashfs: version 4.0 (2009/01/31) Phillip Lougher
[    4.436509] fuse init (API version 7.23)
[    4.482602] Key type big_key registered
[    4.491587] Allocating IMA MOK and blacklist keyrings.
[    4.563122] Key type asymmetric registered
[    4.596300] Asymmetric key parser 'x509' registered
[    4.675728] Block layer SCSI generic (bsg) driver version 0.4 loaded (major 249)
[    4.693724] io scheduler noop registered
[    4.736685] io scheduler deadline registered (default)
[    4.738199] io scheduler cfq registered
[    4.803793] pci_hotplug: PCI Hot Plug PCI Core version: 0.5
[    4.818305] pciehp: PCI Express Hot Plug Controller Driver version: 0.4
[    4.820375] ACPI: AC Adapter [AC] (off-line)
[    4.841555] input: Power Button as /devices/LNXSYSTM:00/LNXPWRBN:00/input/input0
[    4.850934] ACPI: Power Button [PWRF]
[    4.852067] input: Sleep Button as /devices/LNXSYSTM:00/LNXSLPBN:00/input/input1
[    4.855941] ACPI: Sleep Button [SLPF]
[    4.905172] ACPI: Battery Slot [BAT0] (battery present)
[    4.934605] GHES: HEST is not enabled!
[    4.946254] Serial: 8250/16550 driver, 32 ports, IRQ sharing enabled
[    4.979645] 00:02: ttyS0 at I/O 0x3f8 (irq = 4, base_baud = 115200) is a 16550A
[    4.989820] Linux agpgart interface v0.103
[    5.001910] loop: module loaded
[    5.009621] scsi host0: ata_piix
[    5.011105] scsi host1: ata_piix
[    5.012479] ata1: PATA max UDMA/33 cmd 0x1f0 ctl 0x3f6 bmdma 0xd000 irq 14
[    5.015093] ata2: PATA max UDMA/33 cmd 0x170 ctl 0x376 bmdma 0xd008 irq 15
[    5.023197] libphy: Fixed MDIO Bus: probed
[    5.025148] tun: Universal TUN/TAP device driver, 1.6
[    5.037136] tun: (C) 1999-2004 Max Krasnyansky <maxk@qualcomm.com>
[    5.038848] PPP generic driver version 2.4.2
[    5.106685] ehci_hcd: USB 2.0 'Enhanced' Host Controller (EHCI) Driver
[    5.117915] tsc: Refined TSC clocksource calibration: 2305.678 MHz
[    5.119591] clocksource: tsc: mask: 0xffffffffffffffff max_cycles: 0x213c2918c2b, max_idle_ns: 440795273257 ns
[    5.147292] ehci-pci: EHCI PCI platform driver
[    5.189779] ehci-platform: EHCI generic platform driver
[    5.224654] ohci_hcd: USB 1.1 'Open' Host Controller (OHCI) Driver
[    5.277960] ohci-pci: OHCI PCI platform driver
[    5.325665] ohci-platform: OHCI generic platform driver
[    5.361667] uhci_hcd: USB Universal Host Controller Interface driver
[    5.388014] i8042: PNP: PS/2 Controller [PNP0303:PS2K,PNP0f03:PS2M] at 0x60,0x64 irq 1,12
[    5.462571] serio: i8042 KBD port at 0x60,0x64 irq 1
[    5.489553] serio: i8042 AUX port at 0x60,0x64 irq 12
[    5.494110] mousedev: PS/2 mouse device common for all mice
[    5.509486] input: AT Translated Set 2 keyboard as /devices/platform/i8042/serio0/input/input2
[    5.545485] rtc_cmos rtc_cmos: rtc core: registered rtc_cmos as rtc0
[    5.569316] rtc_cmos rtc_cmos: alarms up to one day, 114 bytes nvram
[    5.581337] i2c /dev entries driver
[    5.599656] device-mapper: uevent: version 1.0.3
[    5.601004] device-mapper: ioctl: 4.34.0-ioctl (2015-10-28) initialised: dm-devel@redhat.com
[    5.625893] ledtrig-cpu: registered to indicate activity on CPUs
[    5.637361] NET: Registered protocol family 10
[    5.655015] NET: Registered protocol family 17
[    5.673910] Key type dns_resolver registered
[    5.677800] registered taskstats version 1
[    5.686970] Loading compiled-in X.509 certificates
[    5.725927] Loaded X.509 cert 'Build time autogenerated kernel key: bff73e56bc0efa7435b2a24f5427674623f1be80'
[    5.773733] zswap: loaded using pool lzo/zbud
[    5.783547] Key type trusted registered
[    5.804391] Key type encrypted registered
[    5.817736] AppArmor: AppArmor sha1 policy hashing enabled
[    5.819303] ima: No TPM chip found, activating TPM-bypass!
[    5.820794] ima: Allocated hash algorithm: sha1
[    5.822288] evm: HMAC attrs: 0x1
[    5.823983]   Magic number: 11:400:729
[    5.829074] rtc_cmos rtc_cmos: setting system clock to 2019-03-09 10:43:49 UTC (1552128229)
[    5.832763] BIOS EDD facility v0.16 2004-Jun-25, 0 devices found
[    5.847938] EDD information not available.
[    5.884188] Freeing unused kernel memory: 1484K
[    5.926657] Write protecting the kernel read-only data: 14336k
[    5.936734] Freeing unused kernel memory: 1624K
[    5.964312] Freeing unused kernel memory: 92K
Loading, please [    5.985750] random: udevadm: uninitialized urandom read (16 bytes read, 5 bits of entropy available)
wait...
starting version 229
[    5.999336] random: systemd-udevd: uninitialized urandom read (16 bytes read, 5 bits of entropy available)
[    6.044132] random: udevadm: uninitialized urandom read (16 bytes read, 5 bits of entropy available)
[    6.067153] random: udevadm: uninitialized urandom read (16 bytes read, 5 bits of entropy available)
[    6.069826] random: udevadm: uninitialized urandom read (16 bytes read, 5 bits of entropy available)
[    6.079046] random: systemd-udevd: uninitialized urandom read (16 bytes read, 5 bits of entropy available)
[    6.084602] random: systemd-udevd: uninitialized urandom read (16 bytes read, 5 bits of entropy available)
[    6.103215] random: udevadm: uninitialized urandom read (16 bytes read, 5 bits of entropy available)
[    6.107370] random: udevadm: uninitialized urandom read (16 bytes read, 5 bits of entropy available)
[    6.113862] random: udevadm: uninitialized urandom read (16 bytes read, 5 bits of entropy available)
[    6.195205] Fusion MPT base driver 3.04.20
[    6.232136] Copyright (c) 1999-2008 LSI Corporation
[    6.236129] e1000: Intel(R) PRO/1000 Network Driver - version 7.3.21-k8-NAPI
[    6.327009] e1000: Copyright (c) 1999-2006 Intel Corporation.
[    6.407807] AVX2 version of gcm_enc/dec engaged.
[    6.417909] AES CTR mode by8 optimization enabled
[    6.450830] Fusion MPT SPI Host driver 3.04.20
[    6.468380] mptbase: ioc0: Initiating bringup
[    6.589795] input: ImExPS/2 Generic Explorer Mouse as /devices/platform/i8042/serio1/input/input4
[    6.654394] ioc0: LSI53C1030 A0: Capabilities={Initiator}
[    6.817199] scsi host2: ioc0: LSI53C1030 A0, FwRev=00000000h, Ports=1, MaxQ=256, IRQ=20
[    6.956460] scsi 2:0:0:0: Direct-Access     VBOX     HARDDISK         1.0  PQ: 0 ANSI: 5
[    6.965730] scsi target2:0:0: Beginning Domain Validation
[    6.997482] scsi target2:0:0: Domain Validation skipping write tests
[    7.035860] scsi target2:0:0: Ending Domain Validation
[    7.096872] scsi target2:0:0: asynchronous
[    7.133156] scsi 2:0:1:0: Direct-Access     VBOX     HARDDISK         1.0  PQ: 0 ANSI: 5
[    7.235844] scsi target2:0:1: Beginning Domain Validation
[    7.255102] scsi target2:0:1: Domain Validation skipping write tests
[    7.265911] scsi target2:0:1: Ending Domain Validation
[    7.295350] scsi target2:0:1: asynchronous
[    7.428721] sd 2:0:0:0: Attached scsi generic sg0 type 0
[    7.445045] sd 2:0:0:0: [sda] 20971520 512-byte logical blocks: (10.7 GB/10.0 GiB)
[    7.480375] sd 2:0:1:0: Attached scsi generic sg1 type 0
[    7.507693] sd 2:0:1:0: [sdb] 20480 512-byte logical blocks: (10.5 MB/10.0 MiB)
[    7.534769] sd 2:0:0:0: [sda] Write Protect is off
[    7.576854] sd 2:0:1:0: [sdb] Write Protect is off
[    7.616945] sd 2:0:0:0: [sda] Incomplete mode parameter data
[    7.619152] sd 2:0:0:0: [sda] Assuming drive cache: write through
[    7.636933] sd 2:0:1:0: [sdb] Incomplete mode parameter data
[    7.638571] sd 2:0:1:0: [sdb] Assuming drive cache: write through
[    7.666733]  sda: sda1
[    7.696355] sd 2:0:0:0: [sda] Attached SCSI disk
[    7.709438] sd 2:0:1:0: [sdb] Attached SCSI disk
[    7.713537] e1000 0000:00:03.0 eth0: (PCI:33MHz:32-bit) 02:c9:72:dd:e7:4d
[    7.735765] e1000 0000:00:03.0 eth0: Intel(R) PRO/1000 Network Connection
[    8.145221] e1000 0000:00:08.0 eth1: (PCI:33MHz:32-bit) 08:00:27:d1:4d:c7
[    8.170288] e1000 0000:00:08.0 eth1: Intel(R) PRO/1000 Network Connection
[    8.172975] e1000 0000:00:08.0 enp0s8: renamed from eth1
[    8.184079] e1000 0000:00:03.0 enp0s3: renamed from eth0
Begin: Loading essential drivers ... [    9.504448] md: linear personality registered for level -1
[    9.515205] md: multipath personality registered for level -4
[    9.521389] md: raid0 personality registered for level 0
[    9.526560] md: raid1 personality registered for level 1
[    9.598682] raid6: sse2x1   gen() 11759 MB/s
[    9.679974] raid6: sse2x1   xor()  8645 MB/s
[    9.758476] raid6: sse2x2   gen() 13988 MB/s
[    9.850002] raid6: sse2x2   xor()  9394 MB/s
[    9.930479] raid6: sse2x4   gen() 16732 MB/s
[   10.016100] raid6: sse2x4   xor() 11690 MB/s
[   10.110025] raid6: avx2x1   gen() 22329 MB/s
[   10.193300] raid6: avx2x2   gen() 27085 MB/s
[   10.274562] raid6: avx2x4   gen() 29697 MB/s
[   10.285848] raid6: using algorithm avx2x4 gen() 29697 MB/s
[   10.315077] raid6: using avx2x2 recovery algorithm
[   10.347220] xor: automatically using best checksumming function:
[   10.438043]    avx       : 52718.000 MB/sec
[   10.486027] async_tx: api initialized (async)
[   10.517054] md: raid6 personality registered for level 6
[   10.546331] md: raid5 personality registered for level 5
[   10.547824] md: raid4 personality registered for level 4
[   10.554545] md: raid10 personality registered for level 10
done.
Begin: Running /scripts/init-premount ... done.
Begin: Mounting root file system ... Begin: Running /scripts/local-top ... done.
Begin: Running /scripts/local-premount ... [   10.589024] Btrfs loaded
Scanning for Btrfs filesystems
done.
Warning: fsck not present, so skipping root file system
[   10.665115] EXT4-fs (sda1): mounted filesystem with ordered data mode. Opts: (null)
done.
Begin: Running /scripts/local-bottom ... done.
Begin: Running /scripts/init-bottom ... done.
[   10.822223] systemd[1]: systemd 229 running in system mode. (+PAM +AUDIT +SELINUX +IMA +APPARMOR +SMACK +SYSVINIT +UTMP +LIBCRYPTSETUP +GCRYPT +GNUTLS +ACL +XZ -LZ4 +SECCOMP +BLKID +ELFUTILS +KMOD -IDN)
[   10.840001] systemd[1]: Detected virtualization oracle.
[   10.843459] systemd[1]: Detected architecture x86-64.

Welcome to [1mUbuntu 16.04.5 LTS[0m!

[   10.854967] systemd[1]: Set hostname to <ubuntu>.
[   11.079538] systemd[1]: Listening on udev Control Socket.
[[0;32m  OK  [0m] Listening on udev Control Socket.
[   11.142733] systemd[1]: Reached target User and Group Name Lookups.
[[0;32m  OK  [0m] Reached target User and Group Name Lookups.
[   11.234375] systemd[1]: Reached target Encrypted Volumes.
[[0;32m  OK  [0m] Reached target Encrypted Volumes.
[   11.291260] systemd[1]: Listening on udev Kernel Socket.
[[0;32m  OK  [0m] Listening on udev Kernel Socket.
[   11.339001] systemd[1]: Created slice User and Session Slice.
[[0;32m  OK  [0m] Created slice User and Session Slice.
[   11.442609] systemd[1]: Reached target Swap.
[[0;32m  OK  [0m] Reached target Swap.
[   11.494644] systemd[1]: Started Forward Password Requests to Wall Directory Watch.
[[0;32m  OK  [0m] Started Forward Password Requests to Wall Directory Watch.
[   11.594758] systemd[1]: Set up automount Arbitrary Executable File Formats File System Automount Point.
[[0;32m  OK  [0m] Set up automount Arbitrary Executab...ats File System Automount Point.
[   11.695355] systemd[1]: Listening on LVM2 metadata daemon socket.
[[0;32m  OK  [0m] Listening on LVM2 metadata daemon socket.
[   11.699497] systemd[1]: Listening on Device-mapper event daemon FIFOs.
[[0;32m  OK  [0m] Listening on Device-mapper event daemon FIFOs.
[   11.707727] systemd[1]: Started Trigger resolvconf update for networkd DNS.
[[0;32m  OK  [0m] Started Trigger resolvconf update for networkd DNS.
[   11.720723] systemd[1]: Listening on Syslog Socket.
[[0;32m  OK  [0m] Listening on Syslog Socket.
[   11.729600] systemd[1]: Listening on /dev/initctl Compatibility Named Pipe.
[[0;32m  OK  [0m] Listening on /dev/initctl Compatibility Named Pipe.
[   11.736274] systemd[1]: Listening on Journal Audit Socket.
[[0;32m  OK  [0m] Listening on Journal Audit Socket.
[   11.743150] systemd[1]: Listening on Journal Socket (/dev/log).
[[0;32m  OK  [0m] Listening on Journal Socket (/dev/log).
[   11.752675] systemd[1]: Listening on Journal Socket.
[[0;32m  OK  [0m] Listening on Journal Socket.
[   11.761006] systemd[1]: Created slice System Slice.
[[0;32m  OK  [0m] Created slice System Slice.
[   11.775496] systemd[1]: Mounting POSIX Message Queue File System...
         Mounting POSIX Message Queue File System...
[   11.784898] systemd[1]: Starting Nameserver information manager...
         Starting Nameserver information manager...
[   11.804331] systemd[1]: Mounting Huge Pages File System...
         Mounting Huge Pages File System...
[   11.810795] systemd[1]: Mounting Debug File System...
         Mounting Debug File System...
[   11.824852] systemd[1]: Starting Journal Service...
         [   11.880643] random: nonblocking pool is initialized
Starting Journal Service...
[   11.918744] systemd[1]: Starting Set console keymap...
         Starting Set console keymap...
[   11.995029] systemd[1]: Starting Remount Root and Kernel File Systems...
         [   12.028035] EXT4-fs (sda1): re-mounted. Opts: (null)
Starting Remount Root and Kernel File Systems...
[   12.171940] systemd[1]: Mounting RPC Pipe File System...
         Mounting RPC Pip[   12.227565] RPC: Registered named UNIX socket transport module.
e File System...[   12.236872] RPC: Registered udp transport module.

[   12.330923] RPC: Registered tcp transport module.
[   12.345810] RPC: Registered tcp NFSv4.1 backchannel transport module.
[   12.348215] systemd[1]: Created slice system-serial\x2dgetty.slice.
[[0;32m  OK  [0m] Created slice system-serial\x2dgetty.slice.
[   12.543238] systemd[1]: Starting Monitoring of LVM2 mirrors, snapshots etc. using dmeventd or progress polling...
         Starting Monitoring of LVM2 mirrors... dmeventd or progress polling...
[   12.617809] systemd[1]: Starting Load Kernel Modules...
         Starting Load Kernel Modules...[   12.699796] Loading iSCSI transport class v2.0-870.

[   12.724657] systemd[1]: Reached target Slices.
[[0;32m  OK  [0[   12.790879] iscsi: registered transport (tcp)
m] Reached target Slices.
[   12.843763] systemd[1]: Starting Create list of required static device nodes for the current kernel...
         Starting Create list of required st... nodes for the current kernel...
[   12.870630] systemd[1]: Reached target System Time Synchronized.
[[0;32m  OK  [0m] Reached target System Time Synchronized.
[   12.886068] systemd[1]: Starting Uncomplicated firewall...
         Starting Uncomplicated firewall...
[   12.902180] iscsi: registered transport (iser)
[   12.906372] systemd[1]: Listening on LVM2 poll daemon socket.
[[0;32m  OK  [0m] Listening on LVM2 poll daemon socket.
[   12.917521] systemd[1]: Mounted RPC Pipe File System.
[[0;32m  OK  [0m] Mounted RPC Pipe File System.
[   12.934761] systemd[1]: Mounted Huge Pages File System.
[[0;32m  OK  [0m] Mounted Huge Pages File System.
[   12.940119] systemd[1]: Mounted POSIX Message Queue File System.
[[0;32m  OK  [0m] Mounted POSIX Message Queue File System.
[   12.944165] systemd[1]: Mounted Debug File System.
[[0;32m  OK  [0m] Mounted Debug File System.
[   12.958120] systemd[1]: Started Journal Service.
[[0;32m  OK  [0m] Started Journal Service.
[[0;32m  OK  [0m] Started Set console keymap.
[[0;32m  OK  [0m] Started Remount Root and Kernel File Systems.
[[0;32m  OK  [0m] Started Load Kernel Modules.
[[0;32m  OK  [0m] Started Create list of required sta...ce nodes for the current kernel.
[[0;32m  OK  [0m] Started Uncomplicated firewall.
[[0;32m  OK  [0m] Started Nameserver information manager.
[[0;32m  OK  [0m] Started LVM2 metadata daemon.
         Starting Create Static Device Nodes in /dev...
         Mounting FUSE Control File System...
         Starting Apply Kernel Variables...
         Starting udev Coldplug all Devices...
         Starting Load/Save Random Seed...
         Starting Flush Journal to Persistent Storage...
[[0;32m  OK  [0m] Mounted FUSE Control File System.
[[0;32m  OK  [0m] Started Create Static Device Nodes in /dev.
[[0;32m  OK  [0m] Started Apply Kernel Variables.
[[0;32m  OK  [0m] Started Load/Save Random Seed.
[[0;32m  OK  [0m] Started udev Coldplug all Devices.
[[0;32m  OK  [0m] Started Flush Journal to Persistent Storage.
         Starting udev Kernel Device Manager...
[[0;32m  OK  [0m] Started udev Kernel Device Manager.
[[0;32m  OK  [0m] Started Dispatch Password Requests to Console Directory Watch.
[[0;32m  OK  [0m] Started Monitoring of LVM2 mirrors,...ng dmeventd or progress polling.
[[0;32m  OK  [0m] Reached target Local File Systems (Pre).
[[0;32m  OK  [0m] Reached target Local File Systems.
         Starting Create Volatile Files and Directories...
         Starting Set console font and keymap...
         Starting Preprocess NFS configuration...
         Starting LSB: AppArmor initialization...
         Starting Tell Plymouth To Write Out Runtime Data...
         Starting Initial cloud-init job (pre-networking)...
[[0;32m  OK  [0m] Started Create Volatile Files and Directories.
[[0;32m  OK  [0m] Started Preprocess NFS configuration.
[[0;32m  OK  [0m] Started Tell Plymouth To Write Out Runtime Data.
[[0;32m  OK  [0m] Found device /dev/ttyS0.
[[0;32m  OK  [0m] Started LSB: AppArmor initialization.
[[0;32m  OK  [0m] Started Set console font and keymap.
[[0;32m  OK  [0m] Started Initial cloud-init job (pre-networking).
[   12.199959] cloud-init[584]: Cloud-init v. 18.4-0ubuntu1~16.04.2 running 'init-local' at Sat, 09 Mar 2019 10:43:58 +0000. Up 11.84 seconds.
[[0;32m  OK  [0m] Listening on Load/Save RF Kill Switch Status /dev/rfkill Watch.
[[0;32m  OK  [0m] Reached target Network (Pre).
[[0;32m  OK  [0m] Started ifup for enp0s8.
[[0;32m  OK  [0m] Started ifup for enp0s3.
[[0;32m  OK  [0m] Created slice system-getty.slice.
         Starting Raise network interfaces...
[[0;32m  OK  [0m] Reached target NFS client services.
         Starting Update UTMP about System Boot/Shutdown...
[[0;32m  OK  [0m] Started Update UTMP about System Boot/Shutdown.
[[0;32m  OK  [0m] Started Raise network interfaces.
[[0;32m  OK  [0m] Reached target Network.
         Starting Initial cloud-init job (metadata service crawler)...
[   13.330796] cloud-init[1083]: Cloud-init v. 18.4-0ubuntu1~16.04.2 running 'init' at Sat, 09 Mar 2019 10:43:59 +0000. Up 13.06 seconds.
[   13.416577] cloud-init[1083]: ci-info: ++++++++++++++++++++++++++++++++++++++Net device info+++++++++++++++++++++++++++++++++++++++
[[   13.496567] cloud-init[1083]: ci-info: +--------+------+-----------------------------+---------------+--------+-------------------+
[   13.497295] cloud-init[1083]: ci-info: | Device |  Up  |           Address           |      Mask     | Scope  |     Hw-Address    |
[   13.497394] cloud-init[1083]: ci-info: +--------+------+-----------------------------+---------------+--------+-------------------+
[   13.497483] cloud-init[1083]: ci-info: | enp0s3 | True |          10.0.2.15          | 255.255.255.0 | global | 02:c9:72:dd:e7:4d |
[   13.497570] cloud-init[1083]: ci-info: | enp0s3 | True |  fe80::c9:72ff:fedd:e74d/64 |       .       |  link  | 02:c9:72:dd:e7:4d |
[   13.497665] cloud-init[1083]: ci-info: | enp0s8 | True |        192.168.50.15        | 255.255.255.0 | global | 08:00:27:d1:4d:c7 |
[   13.497751] cloud-init[1083]: ci-info: | enp0s8 | True | fe80::a00:27ff:fed1:4dc7/64 |       .       |  link  | 08:00:27:d1:4d:c7 |
[   13.497837] cloud-init[1083]: ci-info: |   lo   | True |          127.0.0.1          |   255.0.0.0   |  host  |         .         |
[   13.497922] cloud-init[1083]: ci-info: |   lo   | True |           ::1/128           |       .       |  host  |         .         |
[   13.498007] cloud-init[1083]: ci-info: +--------+------+-----------------------------+---------------+--------+-------------------+
[   13.498092] cloud-init[1083]: ci-info: ++++++++++++++++++++++++++++Route IPv4 info++++++++++++++++++++++++++++
[   13.498178] cloud-init[1083]: ci-info: +-------+--------------+----------+---------------+-----------+-------+
[   13.498267] cloud-init[1083]: ci-info: | Route | Destination  | Gateway  |    Genmask    | Interface | Flags |
[   13.498353] cloud-init[1083]: ci-info: +-------+--------------+----------+---------------+-----------+-------+
[   13.498437] cloud-init[1083]: ci-info: |   0   |   0.0.0.0    | 10.0.2.2 |    0.0.0.0    |   enp0s3  |   UG  |
[   13.498523] cloud-init[1083]: ci-info: |   1   |   10.0.2.0   | 0.0.0.0  | 255.255.255.0 |   enp0s3  |   U   |
[   13.498608] cloud-init[1083]: ci-info: |   2   | 192.168.50.0 | 0.0.0.0  | 255.255.255.0 |   enp0s8  |   U   |
[   13.498693] cloud-init[1083]: ci-info: +-------+--------------+----------+---------------+-----------+-------+
[   13.498777] cloud-init[1083]: ci-info: +++++++++++++++++++Route IPv6 info+++++++++++++++++++
[   13.498864] cloud-init[1083]: ci-info: +-------+-------------+---------+-----------+-------+
[   13.498968] cloud-init[1083]: ci-info: | Route | Destination | Gateway | Interface | Flags |
[   13.499056] cloud-init[1083]: ci-info: +-------+-------------+---------+-----------+-------+
[   13.499141] cloud-init[1083]: ci-info: |   0   |  fe80::/64  |    ::   |   enp0s8  |   U   |
[   13.499227] cloud-init[1083]: ci-info: |   1   |  fe80::/64  |    ::   |   enp0s3  |   U   |
[   13.499311] cloud-init[1083]: ci-info: |   4   |   ff00::/8  |    ::   |   enp0s8  |   U   |
[   13.499446] cloud-init[1083]: ci-info: |   5   |   ff00::/8  |    ::   |   enp0s3  |   U   |
[   13.499517] cloud-init[1083]: ci-info: +-------+-------------+---------+-----------+-------+
[0;32m  OK  [0m] Started Initial cloud-init job (metadata service crawler).
[[0;32m  OK  [0m] Reached target System Initialization.
[[0;32m  OK  [0m] Started Daily Cleanup of Temporary Directories.
[[0;32m  OK  [0m] Listening on UUID daemon activation socket.
[[0;32m  OK  [0m] Listening on D-Bus System Message Bus Socket.
[[0;32m  OK  [0m] Started ACPI Events Check.
[[0;32m  OK  [0m] Reached target Paths.
[[0;32m  OK  [0m] Listening on RPCbind Server Activation Socket.
[[0;32m  OK  [0m] Started Daily apt download activities.
[[0;32m  OK  [0m] Started Daily apt upgrade and clean activities.
[[0;32m  OK  [0m] Reached target Timers.
[[0;32m  OK  [0m] Listening on ACPID Listen Socket.
         Starting LXD - unix socket.
         Starting Socket activation for snappy daemon.
[[0;32m  OK  [0m] Reached target Network is Online.
         Starting iSCSI initiator daemon (iscsid)...
[[0;32m  OK  [0m] Reached target Cloud-config availability.
[[0;32m  OK  [0m] Listening on LXD - unix socket.
[[0;32m  OK  [0m] Listening on Socket activation for snappy daemon.
[[0;32m  OK  [0m] Started iSCSI initiator daemon (iscsid).
         Starting Login to default iSCSI targets...
[[0;32m  OK  [0m] Reached target Sockets.
[[0;32m  OK  [0m] Reached target Basic System.
[[0;32m  OK  [0m] Started D-Bus System Message Bus.
         Starting LSB: MD monitoring daemon...
         Starting Virtualbox guest utils...
         Starting System Logging Service...
         Starting Accounts Service...
         Starting LSB: Record successful boot for GRUB...
[[0;32m  OK  [0m] Started Deferred execution scheduler.
         Starting /etc/rc.local Compatibility...
[[0;32m  OK  [0m] Started ACPI event daemon.
         Starting The Salt Minion...
[[0;32m  OK  [0m] Started Unattended Upgrades Shutdown.
         Starting OpenBSD Secure Shell server...
[[0;32m  OK  [0m] Started Regular background program processing daemon.
         Starting Login Service...
[[0;32m  OK  [0m] Started FUSE filesystem for LXC.
         Starting Snappy daemon...
         Starting LXD - container startup/shutdown...
[[0;32m  OK  [0m] Started System Logging Service.
[[0;32m  OK  [0m] Started /etc/rc.local Compatibility.
[[0;32m  OK  [0m] Started LSB: MD monitoring daemon.
[[0;32m  OK  [0m] Started Login to default iSCSI targets.
[[0;32m  OK  [0m] Started LSB: Record successful boot for GRUB.
[[0;32m  OK  [0m] Started OpenBSD Secure Shell server.
         Starting Authenticate and Authorize Users to Run Privileged Tasks...
[[0;32m  OK  [0m] Reached target Remote File Systems (Pre).
[[0;32m  OK  [0m] Reached target Remote File Systems.
         Starting LSB: Set the CPU Frequency Scaling governor to "ondemand"...
         Starting LSB: Automounts filesystems on demand...
         Starting Permit User Sessions...
         Starting LSB: Start/stop sysstat's sadc...
         Starting LSB: Apache2 web server...
         Starting LSB: daemon to balance interrupts for SMP systems...
         Starting LSB: automatic crash report generation...
[[0;32m  OK  [0m] Started LXD - container startup/shutdown.
[[0;32m  OK  [0m] Started Permit User Sessions.
[[0;32m  OK  [0m] Started Login Service.
[[0;32m  OK  [0m] Started Authenticate and Authorize Users to Run Privileged Tasks.
[[0;32m  OK  [0m] Started Accounts Service.
[[0;32m  OK  [0m] Started LSB: Set the CPU Frequency Scaling governor to "ondemand".
[[0;32m  OK  [0m] Started Virtualbox guest utils.
         Starting Hold until boot process finishes up...
         Starting Terminate Plymouth Boot Screen...
[[0;32m  OK  [0m] Started Hold until boot process finishes up.
[[0;32m  OK  [0m] Started LSB: Start/stop sysstat's sadc.
[[0;32m  OK  [0m] Started Terminate Plymouth Boot Screen.
[[0;32m  OK  [0m] Started LSB: daemon to balance interrupts for SMP systems.
[[0;32m  OK  [0m] Created slice User Slice of vagrant.
[[0;32m  OK  [0m] Started Session 1 of user vagrant.
         Starting User Manager for UID 1000...
[[0;32m  OK  [0m] Started Getty on tty1.
[[0;32m  OK  [0m] Started Serial Getty on ttyS0.
[[0;32m  OK  [0m] Reached target Login Prompts.
         Starting Set console scheme...
[[0;32m  OK  [0m] Started Snappy daemon.
[[0;32m  OK  [0m] Started User Manager for UID 1000.
[[0;32m  OK  [0m] Started LSB: Automounts filesystems on demand.
[[0;32m  OK  [0m] Started LSB: automatic crash report generation.
[[0;32m  OK  [0m] Started Set console scheme.
         Starting Wait until snapd is fully seeded...
[[0;32m  OK  [0m] Started Wait until snapd is fully seeded.
         Starting Apply the settings specified in cloud-config...
[[0;32m  OK  [0m] Started The Salt Minion.
[[0;32m  OK  [0m] Started LSB: Apache2 web server.
[[0;32m  OK  [0m] Reached target Multi-User System.
[[0;32m  OK  [0m] Reached target Graphical Interface.
         Starting Update UTMP about System Runlevel Changes...
[[0;32m  OK  [0m] Started Update UTMP about System Runlevel Changes.
[   17.490953] cloud-init[1453]: Cloud-init v. 18.4-0ubuntu1~16.04.2 running 'modules:config' at Sat, 09 Mar 2019 10:44:04 +0000. Up 17.29 seconds.
[[0;32m  OK  [0m] Started Apply the settings specified in cloud-config.
         Starting Execute cloud user/final scripts...
[   18.514970] cloud-init[1543]: Cloud-init v. 18.4-0ubuntu1~16.04.2 running 'modules:final' at Sat, 09 Mar 2019 10:44:05 +0000. Up 18.38 seconds.
[   18.549088] cloud-init[1543]: Cloud-init v. 18.4-0ubuntu1~16.04.2 finished at Sat, 09 Mar 2019 10:44:05 +0000. Datasource DataSourceNoCloud [seed=/dev/sdb][dsmode=net].  Up 18.51 seconds[[0;32m  OK  [0

Ubuntu 16.04.5 LTS ubuntu ttyS0

ubuntu login: 